<?xml version="1.0" encoding="UTF-8"?>
<!-- Generated by org.testng.reporters.JUnitReportReporter -->
<testsuite hostname="Girish" failures="0" tests="1" name="practice.TestNG_ExtendsBaseTest" time="0.026" errors="0" timestamp="2023-08-08T12:30:58 IST" skipped="0">
  <testcase classname="practice.TestNG_ExtendsBaseTest" name="justTest" time="0.026"/>
  <system-out/>
</testsuite> <!-- practice.TestNG_ExtendsBaseTest -->
