<?xml version="1.0" encoding="UTF-8"?>
<!-- Generated by org.testng.reporters.JUnitReportReporter -->
<testsuite hostname="Girish" failures="0" tests="1" name="practice.ReadDataFromCMDLineTest" time="0.045" errors="0" timestamp="2023-07-28T17:24:39 IST" skipped="0">
  <testcase classname="practice.ReadDataFromCMDLineTest" name="readDataFromCmd" time="0.045"/>
  <system-out/>
</testsuite> <!-- practice.ReadDataFromCMDLineTest -->
