<?xml version="1.0" encoding="UTF-8"?>
<!-- Generated by org.testng.reporters.JUnitReportReporter -->
<testsuite hostname="Girish" failures="0" tests="2" name="practice.TestNG_OpenEdgeTest" time="0.006" errors="0" timestamp="2023-08-07T18:29:22 IST" skipped="0">
  <testcase classname="practice.TestNG_OpenEdgeTest" name="executeTest" time="0.002"/>
  <system-out/>
  <testcase classname="practice.TestNG_OpenEdgeTest" name="executeTest" time="0.004"/>
  <system-out/>
</testsuite> <!-- practice.TestNG_OpenEdgeTest -->
