<?xml version="1.0" encoding="UTF-8"?>
<!-- Generated by org.testng.reporters.JUnitReportReporter -->
<testsuite hostname="Girish" failures="0" tests="3" name="practice.TestNG_DP_UsingUtilityTest" time="0.066" errors="0" timestamp="2023-08-04T17:54:08 IST" skipped="0">
  <testcase classname="practice.TestNG_DP_UsingUtilityTest" name="testData" time="0.005"/>
  <system-out/>
  <testcase classname="practice.TestNG_DP_UsingUtilityTest" name="testData" time="0.056"/>
  <system-out/>
  <testcase classname="practice.TestNG_DP_UsingUtilityTest" name="testData" time="0.005"/>
  <system-out/>
</testsuite> <!-- practice.TestNG_DP_UsingUtilityTest -->
