<?xml version="1.0" encoding="UTF-8"?>
<!-- Generated by org.testng.reporters.JUnitReportReporter -->
<testsuite hostname="Girish" failures="0" tests="2" name="practice.TestNG_OpenChromeTest" time="0.031" errors="0" timestamp="2023-08-07T18:29:22 IST" skipped="0">
  <testcase classname="practice.TestNG_OpenChromeTest" name="testScript" time="0.015"/>
  <system-out/>
  <testcase classname="practice.TestNG_OpenChromeTest" name="testScript" time="0.016"/>
  <system-out/>
</testsuite> <!-- practice.TestNG_OpenChromeTest -->
