<?xml version="1.0" encoding="UTF-8"?>
<!-- Generated by org.testng.reporters.JUnitReportReporter -->
<testsuite hostname="Girish" failures="0" tests="2" name="practice.TestNGTest" time="0.087" errors="0" timestamp="2023-08-08T12:25:40 IST" skipped="0">
  <testcase classname="practice.TestNGTest" name="afterExecution" time="0.052"/>
  <system-out/>
  <testcase classname="practice.TestNGTest" name="afterExecution" time="0.035"/>
  <system-out/>
</testsuite> <!-- practice.TestNGTest -->
