<?xml version="1.0" encoding="UTF-8"?>
<!-- Generated by org.testng.reporters.JUnitReportReporter -->
<testsuite hostname="Girish" failures="0" tests="1" name="admin_Module.Admin_Test" time="13.136" errors="0" timestamp="2023-08-08T15:38:42 IST" skipped="0">
  <testcase classname="admin_Module.Admin_Test" name="AdminManageUserPageTest" time="13.136"/>
  <system-out/>
</testsuite> <!-- admin_Module.Admin_Test -->
