<?xml version="1.0" encoding="UTF-8"?>
<!-- Generated by org.testng.reporters.JUnitReportReporter -->
<testsuite hostname="Girish" failures="0" tests="3" name="practice.TestNG_DP_UsingExcelTest" time="0.058" errors="0" timestamp="2023-08-04T17:15:24 IST" skipped="0">
  <testcase classname="practice.TestNG_DP_UsingExcelTest" name="testData" time="0.006"/>
  <system-out/>
  <testcase classname="practice.TestNG_DP_UsingExcelTest" name="testData" time="0.048"/>
  <system-out/>
  <testcase classname="practice.TestNG_DP_UsingExcelTest" name="testData" time="0.004"/>
  <system-out/>
</testsuite> <!-- practice.TestNG_DP_UsingExcelTest -->
