<?xml version="1.0" encoding="UTF-8"?>
<!-- Generated by org.testng.reporters.JUnitReportReporter -->
<testsuite hostname="Girish" failures="0" tests="2" name="practice.TestNGDataProvider" time="0.042" errors="0" timestamp="2023-08-04T13:22:52 IST" skipped="0">
  <testcase classname="practice.TestNGDataProvider" name="testing" time="0.038"/>
  <system-out/>
  <testcase classname="practice.TestNGDataProvider" name="testing" time="0.004"/>
  <system-out/>
</testsuite> <!-- practice.TestNGDataProvider -->
